1 1 1
2 2 1
3 3 1
4 4 1
5 5 1
6 6 1
7 8 2
8 10 2
9 12 2
10 14 2
11 15 1
12 16 1
13 18 2
14 20 2
15 24 4
16 28 4
17 30 2
18 36 6
19 40 4
20 42 2
21 48 6
22 60 12
23 72 12
24 84 12
25 90 6
26 96 6
27 108 12
28 120 12
29 126 6
30 132 6
31 140 8
32 144 4
33 168 24
34 180 12
35 210 30
36 216 6
37 240 24
38 252 12
39 288 36
40 300 12
41 336 36
42 360 24
43 420 60
44 480 60
45 504 24
46 540 36
47 600 60
48 630 30
49 660 30
50 672 12
51 720 48
52 756 36
53 780 24
54 792 12
55 840 48
56 1008 168
57 1080 72
58 1260 180
59 1320 60
60 1440 120
61 1680 240
62 1800 120
63 1980 180
64 2016 36
65 2100 84
66 2160 60
67 2520 360
68 2640 120
69 2880 240
70 3360 480
71 3780 420
72 3960 180
73 4200 240
74 4320 120
75 4620 300
76 4680 60
77 5040 360
78 5280 240
79 5400 120
80 5460 60
81 5544 84
82 5760 216
83 5880 120
84 5940 60
85 6048 108
86 6120 72
87 6240 120
88 6300 60
89 6720 420
90 7560 840
91 7920 360
92 8400 480
93 9240 840
94 10080 840
95 10920 840
96 11880 960
97 12600 720
98 13860 1260
99 15120 1260
100 15840 720
101 16380 540
102 16800 420
103 17640 840
104 18480 840
105 20160 1680
106 21840 1680
107 22680 840
108 23760 1080
109 25200 1440
110 27720 2520
111 30240 2520
112 32760 2520
113 36960 4200
114 37800 840
115 40320 2520
116 41580 1260
117 42840 1260
118 43680 840
119 45360 1680
120 46200 840
121 47520 1320
122 47880 360
123 49140 1260
124 50400 1260
125 55440 5040
126 60480 5040
127 65520 5040
128 75600 10080
129 83160 7560
130 85680 2520
131 90720 5040
132 92400 1680
133 95760 3360
134 98280 2520
135 110880 12600
136 120120 9240
137 120960 840
138 128520 7560
139 131040 2520
140 138600 7560
141 151200 12600
142 163800 12600
143 166320 2520
144 171360 5040
145 180180 8820
146 184800 4620
147 191520 6720
148 194040 2520
149 196560 2520
150 221760 25200
151 240240 18480
152 249480 9240
153 257040 7560
154 262080 5040
155 277200 15120
156 302400 25200
157 327600 25200
158 332640 5040
159 360360 27720
160 393120 32760
161 415800 22680
162 443520 27720
163 471240 27720
164 480480 9240
165 491400 10920
166 498960 7560
167 514080 15120
168 524160 10080
169 526680 2520
170 540540 13860
171 554400 13860
172 589680 35280
173 655200 65520
174 665280 10080
175 720720 55440
176 786240 65520
177 831600 45360
178 942480 110880
179 982800 40320
180 997920 15120
181 1053360 55440
182 1081080 27720
183 1108800 27720
184 1310400 201600
185 1330560 20160
186 1413720 83160
187 1441440 27720
188 1572480 131040
189 1580040 7560
190 1663200 83160
191 1801800 138600
192 1884960 83160
193 1965600 80640
194 2106720 141120
195 2162160 55440
196 2217600 55440
197 2227680 10080
198 2328480 100800
199 2356200 27720
200 2402400 46200
201 2489760 87360
202 2494800 5040
203 2827440 332640
204 2882880 55440
205 3160080 277200
206 3243240 83160
207 3326400 83160
208 3603600 277200
209 3769920 166320
210 3931200 161280
211 4213440 282240
212 4324320 110880
213 4712400 388080
214 4989600 277200
215 5045040 55440
216 5266800 221760
217 5405400 138600
218 5654880 249480
219 5765760 110880
220 6126120 360360
221 6320160 194040
222 6486480 166320
223 6652800 166320
224 6683040 30240
225 6846840 163800
226 7068600 221760
227 7207200 138600
228 8482320 1275120
229 8648640 166320
230 9424800 776160
